
================================================================
======== txAdmin v6.0.2 atop fxserver 7290 Starting - 8/19/2024, 7:48:18 AM
================================================================

================================================================
======== Log Rotated - 8/19/2024, 7:48:18 AM                    
================================================================
[08:26:40][moxy_2k] logged in from 127.0.0.1 via citizenfx
[08:26:45][moxy_2k] executed "ensure "moxy_gang""
[08:28:45][moxy_2k] executed "ensure "moxy_gang""
[08:30:59][moxy_2k] executed "ensure "moxy_gang""
[08:31:26][moxy_2k] executed "refresh"
[08:31:29][moxy_2k] executed "ensure "moxy_gang""
[08:31:47][moxy_2k] executed "refresh"
[08:31:50][moxy_2k] executed "ensure "moxy_gang""
[08:32:48][moxy_2k] executed "ensure "moxy_gang""
[08:33:39][moxy_2k] executed "ensure "moxy_gang""
[08:34:08][moxy_2k] executed "setgroup 1 admin"
[08:34:34][moxy_2k] executed "setgroup 1 admin"
[08:34:38][moxy_2k] executed "ensure moxy_gang"
[08:36:28][moxy_2k] executed "ensure moxy_gang"
[08:37:33][moxy_2k] executed "ensure moxy_gang"
[08:38:39][moxy_2k] executed "ensure moxy_gang"
[08:39:00][moxy_2k] executed "ensure moxy_gang"
[08:39:20][moxy_2k] executed "ensure moxy_gang"
[08:39:33][moxy_2k] executed "ensure moxy_gang"
[08:40:30][moxy_2k] executed "ensure moxy_gang"
[08:40:50][moxy_2k] executed "ensure moxy_gang"
[08:41:32][moxy_2k] executed "refresh"
[08:41:32][moxy_2k] executed "ensure moxy_gang"
[08:42:33][moxy_2k] executed "ensure moxy_gang"
[08:42:46][moxy_2k] executed "ensure moxy_gang"
[08:43:42][moxy_2k] executed "ensure moxy_gang"
[08:44:25][moxy_2k] executed "ensure moxy_gang"
[08:44:31][moxy_2k] executed "ensure moxy_gang"
[08:44:37][moxy_2k] executed "ensure moxy_gang"
[08:44:42][moxy_2k] executed "ensure moxy_gang"
[08:44:50][moxy_2k] executed "ensure moxy_gang"
[08:45:32][moxy_2k] executed "ensure moxy_gang"
[08:47:42][moxy_2k] executed "ensure moxy_gang"
[08:49:02][moxy_2k] executed "ensure moxy_gang"
[08:50:06][moxy_2k] executed "ensure moxy_gang"
[08:50:25][moxy_2k] executed "ensure moxy_gang"
[08:51:55][moxy_2k] executed "ensure moxy_gang"
[08:52:41][moxy_2k] executed "ensure moxy_gang"
[08:53:02][moxy_2k] executed "ensure moxy_gang"
[08:53:40][moxy_2k] executed "ensure moxy_gang"
[08:53:49][moxy_2k] executed "ensure moxy_gang"
[08:55:48][moxy_2k] executed "ensure moxy_gang"
[08:56:42][moxy_2k] executed "ensure moxy_gang"
[08:57:56][moxy_2k] executed "ensure moxy_gang"
[08:59:57][moxy_2k] executed "ensure moxy_gang"
[09:01:18][moxy_2k] executed "ensure moxy_gang"
[09:01:32][moxy_2k] executed "ensure moxy_gang"
[09:02:23][moxy_2k] executed "ensure moxy_gang"
[09:03:23][moxy_2k] executed "ensure moxy_gang"
[09:03:38][moxy_2k] executed "ensure moxy_gang"
[09:03:46][moxy_2k] executed "ensure moxy_gang"
[09:04:47][moxy_2k] executed "ensure moxy_gang"
[09:06:10][moxy_2k] executed "ensure moxy_gang"
[09:07:18][moxy_2k] executed "ensure moxy_gang"
[09:11:10][moxy_2k] executed "ensure moxy_gang"
[09:13:02][moxy_2k] executed "refresh"
[09:13:07][moxy_2k] executed "ensure Badger_Discord_API"
[09:13:13][moxy_2k] executed "ensure moxy_gang"
[09:13:31][moxy_2k] executed "ensure moxy_gang"
[09:13:50][moxy_2k] executed "ensure moxy_gang"
[09:15:13][moxy_2k] executed "ensure moxy_gang"
[09:15:58][moxy_2k] executed "ensure moxy_gang"
[09:16:12][moxy_2k] executed "ensure moxy_gang"
[09:16:33][moxy_2k] executed "ensure moxy_gang"
[09:16:41][moxy_2k] executed "ensure moxy_gang"
[09:17:32][moxy_2k] executed "ensure moxy_gang"
[09:18:02][moxy_2k] executed "ensure moxy_gang"
[09:22:50][moxy_2k] executed "ensure moxy_gang"
[09:26:15][moxy_2k] executed "ensure moxy_gang"
[09:26:51][moxy_2k] executed "ensure moxy_gang"
[09:27:17][moxy_2k] executed "ensure moxy_gang"
[09:44:42][moxy_2k] executed "refresh"
[09:45:40][moxy_2k] executed "refresh"
[09:45:41][moxy_2k] executed "ensure moxy_gang"
