
================================================================
======== Log Rotated - 8/20/2024, 8:03:36 AM                    
================================================================

================================================================
======== FXServer Starting - 8/20/2024, 8:03:46 AM              
================================================================
[           resources] Scanning resources.
[           resources] Found 14 resources.
[          svadhesive] Authenticating server license key...
[          svadhesive] Server license key authentication succeeded. Welcome!
[ citizen-server-impl] [0mCouldn't find resource sessionmanager.
[    c-scripting-core] Creating script environments for monitor
[      script:monitor] [txAdmin] Resource v6.0.2 threads and commands set up. All Ready.
[           resources] Started resource monitor
[ citizen-server-impl] Could not open mylogo.png for reading.
[           resources] Started resource loading
[    c-scripting-core] Creating script environments for ox_lib
[           resources] Started resource ox_lib
[    c-scripting-core] Creating script environments for oxmysql
[           resources] Started resource oxmysql
[resources:stream:str] [93mAsset stream/Flash LEGO.ytd uses 44.0 MiB of physical memory.
[resources:stream:str] Asset stream/IronSpiderman_PS4.ydd uses 18.8 MiB of virtual memory.
[resources:stream:str] Asset stream/IronSpiderman_PS4.ytd uses 120.0 MiB of physical memory. Oversized assets can and WILL lead to streaming issues (such as models not loading/rendering).
[resources:stream:str] Asset stream/SupermanTheMovie.ytd uses 64.0 MiB of physical memory. Oversized assets can and WILL lead to streaming issues (such as models not loading/rendering).
[resources:stream:str] Asset stream/fallguyslpink.ydd uses 24.0 MiB of physical memory.
[resources:stream:str] Asset stream/fallguyslpink.ytd uses 24.0 MiB of physical memory.
[resources:stream:str] Asset stream/gabz_mrpd_props_txd.ytd uses 25.5 MiB of physical memory.
[resources:stream:str] Asset stream/gabz_mrpd_txd.ytd uses 52.5 MiB of physical memory. Oversized assets can and WILL lead to streaming issues (such as models not loading/rendering).
[resources:stream:str] Asset stream/shrek.ytd uses 24.0 MiB of physical memory.
[           resources] Started resource stream (9 warnings)
[    c-scripting-core] Creating script environments for core
[           resources] [0mStarted resource core
[    c-scripting-core] Creating script environments for scripts
[           resources] Started resource scripts
[           resources] Started resource chat
[resources:dlcclothin] Asset dlcclothing/mp_f_freemode_01_mp_f_dlclothing^decl_diff_000_c_uni.ytd uses 32.0 MiB of physical memory.
[resources:dlcclothin] Asset dlcclothing/mp_f_freemode_01_mp_f_dlclothing^decl_diff_000_j_uni.ytd uses 32.0 MiB of physical memory.
[resources:dlcclothin] Asset dlcclothing/mp_f_freemode_01_mp_f_dlclothing^decl_diff_000_l_uni.ytd uses 32.0 MiB of physical memory.
[resources:dlcclothin] Asset dlcclothing/mp_f_freemode_01_mp_f_dlclothing^decl_diff_000_p_uni.ytd uses 32.0 MiB of physical memory.
[resources:dlcclothin] Asset dlcclothing/mp_f_freemode_01_mp_f_dlclothing^decl_diff_000_r_uni.ytd uses 64.0 MiB of physical memory. Oversized assets can and WILL lead to streaming issues (such as models not loading/rendering).
[resources:dlcclothin] Asset dlcclothing/mp_f_freemode_01_mp_f_dlclothing^decl_diff_000_t_uni.ytd uses 64.0 MiB of physical memory. Oversized assets can and WILL lead to streaming issues (such as models not loading/rendering).
[resources:dlcclothin] Asset dlcclothing/mp_f_freemode_01_mp_f_dlclothing^decl_diff_000_u_uni.ytd uses 32.0 MiB of physical memory.
[resources:dlcclothin] Asset dlcclothing/mp_f_freemode_01_mp_f_dlclothing^jbib_diff_002_a_uni.ytd uses 32.0 MiB of physical memory.
[resources:dlcclothin] Asset dlcclothing/mp_f_freemode_01_mp_f_dlclothing^jbib_diff_002_b_uni.ytd uses 32.0 MiB of physical memory.
[resources:dlcclothin] Asset dlcclothing/mp_f_freemode_01_mp_f_dlclothing^lowr_diff_001_a_uni.ytd uses 32.0 MiB of physical memory.
[resources:dlcclothin] Asset dlcclothing/mp_m_freemode_01_mp_m_dlclothing^accs_diff_000_a_uni.ytd uses 32.0 MiB of physical memory.
[resources:dlcclothin] Asset dlcclothing/mp_m_freemode_01_mp_m_dlclothing^decl_diff_000_c_uni.ytd uses 32.0 MiB of physical memory.
[resources:dlcclothin] Asset dlcclothing/mp_m_freemode_01_mp_m_dlclothing^decl_diff_000_j_uni.ytd uses 32.0 MiB of physical memory.
[resources:dlcclothin] Asset dlcclothing/mp_m_freemode_01_mp_m_dlclothing^decl_diff_000_k_uni.ytd uses 32.0 MiB of physical memory.
[resources:dlcclothin] Asset dlcclothing/mp_m_freemode_01_mp_m_dlclothing^decl_diff_000_m_uni.ytd uses 32.0 MiB of physical memory.
[resources:dlcclothin] Asset dlcclothing/mp_m_freemode_01_mp_m_dlclothing^decl_diff_000_q_uni.ytd uses 32.0 MiB of physical memory.
[resources:dlcclothin] Asset dlcclothing/mp_m_freemode_01_mp_m_dlclothing^decl_diff_000_s_uni.ytd uses 64.0 MiB of physical memory. Oversized assets can and WILL lead to streaming issues (such as models not loading/rendering).
[resources:dlcclothin] Asset dlcclothing/mp_m_freemode_01_mp_m_dlclothing^decl_diff_000_u_uni.ytd uses 32.0 MiB of physical memory.
[resources:dlcclothin] Asset dlcclothing/mp_m_freemode_01_mp_m_dlclothing^decl_diff_000_w_uni.ytd uses 64.0 MiB of physical memory. Oversized assets can and WILL lead to streaming issues (such as models not loading/rendering).
[resources:dlcclothin] Asset dlcclothing/mp_m_freemode_01_mp_m_dlclothing^decl_diff_000_x_uni.ytd uses 32.0 MiB of physical memory.
[resources:dlcclothin] Asset dlcclothing/mp_m_freemode_01_mp_m_dlclothing^feet_000_u.ydd uses 40.0 MiB of virtual memory.
[resources:dlcclothin] Asset dlcclothing/mp_m_freemode_01_mp_m_dlclothing^feet_diff_002_a_uni.ytd uses 32.0 MiB of physical memory.
[resources:dlcclothin] Asset dlcclothing/mp_m_freemode_01_mp_m_dlclothing^feet_diff_002_b_uni.ytd uses 32.0 MiB of physical memory.
[resources:dlcclothin] Asset dlcclothing/mp_m_freemode_01_mp_m_dlclothing^jbib_007_u.ydd uses 32.0 MiB of physical memory.
[resources:dlcclothin] Asset dlcclothing/mp_m_freemode_01_mp_m_dlclothing^jbib_012_u.ydd uses 24.0 MiB of virtual memory.
[resources:dlcclothin] Asset dlcclothing/mp_m_freemode_01_mp_m_dlclothing^jbib_019_u.ydd uses 32.0 MiB of physical memory.
[resources:dlcclothin] Asset dlcclothing/mp_m_freemode_01_mp_m_dlclothing^jbib_025_u.ydd uses 32.0 MiB of physical memory.
[resources:dlcclothin] Asset dlcclothing/mp_m_freemode_01_mp_m_dlclothing^jbib_diff_005_a_uni.ytd uses 32.0 MiB of physical memory.
[resources:dlcclothin] Asset dlcclothing/mp_m_freemode_01_mp_m_dlclothing^jbib_diff_007_b_uni.ytd uses 64.0 MiB of physical memory. Oversized assets can and WILL lead to streaming issues (such as models not loading/rendering).
[resources:dlcclothin] Asset dlcclothing/mp_m_freemode_01_mp_m_dlclothing^jbib_diff_012_a_uni.ytd uses 32.0 MiB of physical memory.
[resources:dlcclothin] Asset dlcclothing/mp_m_freemode_01_mp_m_dlclothing^jbib_diff_012_b_uni.ytd uses 32.0 MiB of physical memory.
[resources:dlcclothin] Asset dlcclothing/mp_m_freemode_01_mp_m_dlclothing^jbib_diff_018_b_uni.ytd uses 32.0 MiB of physical memory.
[resources:dlcclothin] Asset dlcclothing/mp_m_freemode_01_mp_m_dlclothing^jbib_diff_019_a_uni.ytd uses 32.0 MiB of physical memory.
[resources:dlcclothin] Asset dlcclothing/mp_m_freemode_01_mp_m_dlclothing^jbib_diff_020_a_uni.ytd uses 32.0 MiB of physical memory.
[resources:dlcclothin] Asset dlcclothing/mp_m_freemode_01_mp_m_dlclothing^jbib_diff_025_a_uni.ytd uses 32.0 MiB of physical memory.
[resources:dlcclothin] Asset dlcclothing/mp_m_freemode_01_mp_m_dlclothing^jbib_diff_025_b_uni.ytd uses 32.0 MiB of physical memory.
[resources:dlcclothin] Asset dlcclothing/mp_m_freemode_01_mp_m_dlclothing^jbib_diff_025_c_uni.ytd uses 32.0 MiB of physical memory.
[resources:dlcclothin] Asset dlcclothing/mp_m_freemode_01_mp_m_dlclothing^jbib_diff_025_d_uni.ytd uses 32.0 MiB of physical memory.
[resources:dlcclothin] Asset dlcclothing/mp_m_freemode_01_mp_m_dlclothing^jbib_diff_026_a_uni.ytd uses 32.0 MiB of physical memory.
[resources:dlcclothin] Asset dlcclothing/mp_m_freemode_01_mp_m_dlclothing^jbib_diff_026_b_uni.ytd uses 32.0 MiB of physical memory.
[resources:dlcclothin] Asset dlcclothing/mp_m_freemode_01_mp_m_dlclothing^lowr_004_u.ydd uses 32.0 MiB of physical memory.
[resources:dlcclothin] Asset dlcclothing/mp_m_freemode_01_mp_m_dlclothing^lowr_diff_004_a_uni.ytd uses 32.0 MiB of physical memory.
[resources:dlcclothin] Asset dlcclothing/mp_m_freemode_01_mp_m_dlclothing^lowr_diff_007_a_whi.ytd uses 32.0 MiB of physical memory.
[resources:dlcclothin] Asset dlcclothing/mp_m_freemode_01_mp_m_dlclothing^lowr_diff_018_a_uni.ytd uses 64.0 MiB of physical memory. Oversized assets can and WILL lead to streaming issues (such as models not loading/rendering).
[resources:dlcclothin] Asset dlcclothing/mp_m_freemode_01_mp_m_dlclothing^lowr_diff_023_a_uni.ytd uses 64.0 MiB of physical memory. Oversized assets can and WILL lead to streaming issues (such as models not loading/rendering).
[resources:dlcclothin] Asset dlcclothing/mp_m_freemode_01_mp_m_dlclothing^lowr_diff_025_a_whi.ytd uses 32.0 MiB of physical memory.
[resources:dlcclothin] Asset dlcclothing/mp_m_freemode_01_mp_m_dlclothing^task_diff_003_a_uni.ytd uses 64.0 MiB of physical memory. Oversized assets can and WILL lead to streaming issues (such as models not loading/rendering).
[resources:dlcclothin] Asset dlcclothing/mp_m_freemode_01_mp_m_dlclothing^task_diff_003_b_uni.ytd uses 64.0 MiB of physical memory. Oversized assets can and WILL lead to streaming issues (such as models not loading/rendering).
[resources:dlcclothin] Asset dlcclothing/mp_m_freemode_01_mp_m_dlclothing^task_diff_003_d_uni.ytd uses 64.0 MiB of physical memory. Oversized assets can and WILL lead to streaming issues (such as models not loading/rendering).
[resources:dlcclothin] Asset dlcclothing/mp_m_freemode_01_mp_m_dlclothing^teef_002_u.ydd uses 28.0 MiB of virtual memory.
[resources:dlcclothin] Asset dlcclothing/mp_m_freemode_01_mp_m_dlclothing^teef_003_u.ydd uses 28.0 MiB of virtual memory.
[resources:dlcclothin] Asset dlcclothing/mp_m_freemode_01_mp_m_dlclothing^teef_004_u.ydd uses 48.0 MiB of virtual memory.
[resources:dlcclothin] Asset dlcclothing/mp_m_freemode_01_mp_m_dlclothing^teef_006_u.ydd uses 48.0 MiB of virtual memory.
[resources:dlcclothin] Asset dlcclothing/mp_m_freemode_01_mp_m_dlclothing^teef_007_u.ydd uses 52.0 MiB of virtual memory. Oversized assets can and WILL lead to streaming issues (such as models not loading/rendering).
[resources:dlcclothin] Asset dlcclothing/mp_m_freemode_01_mp_m_dlclothing^teef_008_u.ydd uses 20.0 MiB of virtual memory.
[resources:dlcclothin] Asset dlcclothing/mp_m_freemode_01_mp_m_dlclothing^teef_010_u.ydd uses 40.0 MiB of virtual memory.
[resources:dlcclothin] Asset dlcclothing/mp_m_freemode_01_mp_m_dlclothing^teef_011_u.ydd uses 32.0 MiB of physical memory.
[resources:dlcclothin] Asset dlcclothing/mp_m_freemode_01_mp_m_dlclothing^teef_011_u.ydd uses 23.0 MiB of virtual memory.
[resources:dlcclothin] Asset dlcclothing/mp_m_freemode_01_mp_m_dlclothing^teef_012_u.ydd uses 16.8 MiB of virtual memory.
[resources:dlcclothin] Asset dlcclothing/mp_m_freemode_01_mp_m_dlclothing^teef_013_u.ydd uses 168.0 MiB of virtual memory. Oversized assets can and WILL lead to streaming issues (such as models not loading/rendering).
[resources:dlcclothin] Asset dlcclothing/mp_m_freemode_01_mp_m_dlclothing^teef_014_u.ydd uses 22.0 MiB of virtual memory.
[resources:dlcclothin] Asset dlcclothing/mp_m_freemode_01_mp_m_dlclothing^teef_015_u.ydd uses 46.5 MiB of virtual memory.
[resources:dlcclothin] Asset dlcclothing/mp_m_freemode_01_mp_m_dlclothing^teef_017_u.ydd uses 20.0 MiB of virtual memory.
[resources:dlcclothin] Asset dlcclothing/mp_m_freemode_01_mp_m_dlclothing^teef_018_u.ydd uses 52.0 MiB of virtual memory. Oversized assets can and WILL lead to streaming issues (such as models not loading/rendering).
[resources:dlcclothin] Asset dlcclothing/mp_m_freemode_01_mp_m_dlclothing^teef_019_u.ydd uses 44.0 MiB of virtual memory.
[resources:dlcclothin] Asset dlcclothing/mp_m_freemode_01_mp_m_dlclothing^teef_diff_016_a_uni.ytd uses 32.0 MiB of physical memory.
[resources:dlcclothin] Asset dlcclothing/mp_m_freemode_01_p_mp_m_dlclothing^p_eyes_000.ydd uses 32.0 MiB of physical memory.
[resources:dlcclothin] Asset dlcclothing/mp_m_freemode_01_p_mp_m_dlclothing^p_eyes_diff_000_a.ytd uses 32.0 MiB of physical memory.
[           resources] Started resource dlcclothing (68 warnings)
[    c-scripting-core] Creating script environments for illenium-appearance
[           resources] Started resource illenium-appearance
[    c-scripting-core] [0mCreating script environments for inventory
[           resources] [0mStarted resource inventory
[    c-scripting-core] Creating script environments for ls-customs
[           resources] Started resource ls-customs
[    c-scripting-core] [0mCreating script environments for moxy_gang
[         script:core] [ERROR] Resource [36mmoxy_gang Used the getSharedObject Event, this event no longer exists! Visit https://documentation.esx-framework.org/tutorials/tutorials-esx/sharedevent for how to fix!
[           resources] Started resource moxy_gang
[      script:oxmysql] [10.4.32-MariaDB] Database server connection established!
[         script:core] [INFO] ESX Legacy 1.10.2 initialized!
[      script:scripts] SCRIPT ERROR: @scripts/resources/gangs/server/storage.lua:19: scripts was unable to execute a query!
[      script:scripts] Query: SELECT `gang`, `items`,  `accounts` FROM `gangs`
[      script:scripts] []
[      script:scripts] Unknown column 'gang' in 'field list'
[      script:scripts] > cb (@scripts/resources/gangs/server/storage.lua:19)
[      script:scripts] > onReady (@oxmysql/lib/MySQL.lua:128)
[      script:scripts] > fn (@oxmysql/lib/MySQL.lua:135)
[      script:scripts] > logError (@oxmysql/dist/build.js:24894)
[      script:scripts] > rawQuery (@oxmysql/dist/build.js:25061)
[      script:scripts] > processTicksAndRejections (node:internal/process/task_queues:96)
[      script:scripts] [DISCORD] [ERROR] : Please Check Your Config
[      script:scripts]  @scripts/resources/discord/sconfig.lua
[       script:ox_lib] An update is available for ox_lib (current version: 3.9.1)
[       script:ox_lib] https://github.com/overextended/ox_lib/releases/tag/v3.25.0
[      script:scripts] SCRIPT ERROR: @scripts/resources/gangs/server/server.lua:6: scripts was unable to execute a query!
[      script:scripts] Query: SELECT `turfs`, `kills`, `deaths` FROM `gangs` WHERE `gang` = ?
[      script:scripts] ["zen"]
[      script:scripts] Unknown column 'turfs' in 'field list'
[      script:scripts] > get (@scripts/resources/gangs/server/server.lua:6)
[      script:scripts] > fn (@scripts/resources/gangs/server/server.lua:71)
[      script:scripts] > logError (@oxmysql/dist/build.js:24894)
[      script:scripts] > rawQuery (@oxmysql/dist/build.js:25061)
[      script:scripts] > processTicksAndRejections (node:internal/process/task_queues:96)
[ citizen-server-impl]         fff                          
[ citizen-server-impl]   cccc ff   xx  xx     rr rr    eee  
[ citizen-server-impl] cc     ffff   xx       rrr  r ee   e 
[ citizen-server-impl] cc     ff     xx   ... rr     eeeee  
[ citizen-server-impl]  ccccc ff   xx  xx ... rr      eeeee 
[ citizen-server-impl]                                      
[ citizen-server-impl] Authenticated with cfx.re Nucleus: https://luxyreno-pyrxrm.users.cfx.re/
[       script:ox_lib] An update is available for illenium-appearance (current version: 5.4.0)
[       script:ox_lib] https://github.com/iLLeniumStudios/illenium-appearance/releases/tag/v5.6.1
> txaEvent "adminsUpdated" "[]"
> refresh
[           resources] Scanning resources.
[           resources] [32mFound 1 new resources, and refreshed 0/14 resources.
> stop chat
[           resources] Stopping resource chat
> ensure trappin_chat
[    c-scripting-core] Creating script environments for trappin_chat
[    c-scripting-core] Failed to load script @trappin_headshots/shared_fg-obfuscated.lua.
[    c-scripting-core] Failed to load script @trappin_headshots/ai_module_fg-obfuscated.lua.
[resources:trappin_ch] Warning: could not find server_script `server/*.lua` (defined in fxmanifest.lua:15)
[           resources] Started resource trappin_chat (1 warning)
> ensure trappin_chat
[           resources] Stopping resource trappin_chat
[    c-scripting-core] [0mCreating script environments for trappin_chat
[    c-scripting-core] Failed to load script @trappin_headshots/shared_fg-obfuscated.lua.
[    c-scripting-core] Failed to load script @trappin_headshots/ai_module_fg-obfuscated.lua.
[         script:core] [ERROR] Resource trappin_chat Used the getSharedObject Event, this event no longer exists! Visit https://documentation.esx-framework.org/tutorials/tutorials-esx/sharedevent for how to fix!
[ script:trappin_chat] SCRIPT ERROR: @trappin_chat/server/server.lua:33: attempt to index a nil value (global 'ESX')
[           resources] Started resource trappin_chat
> ensure trappin_chat
[           resources] Stopping resource trappin_chat
[    c-scripting-core] Creating script environments for trappin_chat
[    c-scripting-core] Failed to load script @trappin_headshots/shared_fg-obfuscated.lua.
[    c-scripting-core] Failed to load script @trappin_headshots/ai_module_fg-obfuscated.lua.
[         script:core] [0m[ERROR] Resource trappin_chat Used the getSharedObject Event, this event no longer exists! Visit https://documentation.esx-framework.org/tutorials/tutorials-esx/sharedevent for how to fix!
[ script:trappin_chat] SCRIPT ERROR: @trappin_chat/server/server.lua:33: attempt to index a nil value (global 'ESX')
[           resources] [0mStarted resource trappin_chat
> refresh
[           resources] Scanning resources.[0m
[           resources] [0mFound 0 new resources, and refreshed 0/15 resources.
> ensure trappin_chat
[           resources] Stopping resource trappin_chat
[    c-scripting-core] Creating script environments for trappin_chat
[    c-scripting-core] Failed to load script @trappin_headshots/shared_fg-obfuscated.lua.
[    c-scripting-core] Failed to load script @trappin_headshots/ai_module_fg-obfuscated.lua.
[         script:core] [ERROR] Resource trappin_chat Used the getSharedObject Event, this event no longer exists! Visit https://documentation.esx-framework.org/tutorials/tutorials-esx/sharedevent for how to fix!
[ script:trappin_chat] SCRIPT ERROR: @trappin_chat/server/server.lua:33: attempt to index a nil value (global 'ESX')
[           resources] Started resource trappin_chat
> ensure trappin_chat
[           resources] Stopping resource trappin_chat
[    c-scripting-core] Creating script environments for trappin_chat
[    c-scripting-core] Failed to load script @trappin_headshots/shared_fg-obfuscated.lua.
[    c-scripting-core] Failed to load script @trappin_headshots/ai_module_fg-obfuscated.lua.
[ script:trappin_chat] SCRIPT ERROR: @trappin_chat/server/server.lua:33: attempt to index a nil value (global 'ESX')
[           resources] [0mStarted resource trappin_chat
