
================================================================
======== txAdmin Starting - 8/18/2024, 6:31:15 PM               
================================================================
[6:31:52 PM] txAdmin: Logger started
[6:32:05 PM] txAdmin: Logger started
[6:37:50 PM] [Pbz98#1] swag: joined with identifiers [license:180ecac619724d693182783ded6268c9e7c63840; discord:1004875789147308112; license2:180ecac619724d693182783ded6268c9e7c63840]
[7:02:41 PM] [Pbz98#1] swag: disconnected (Exiting)

================================================================
======== txAdmin Starting - 8/18/2024, 7:07:15 PM               
================================================================
[7:07:28 PM] txAdmin: Logger started
[7:07:38 PM] [dQkWn#1] swag: joined with identifiers [license:180ecac619724d693182783ded6268c9e7c63840; discord:1004875789147308112; license2:180ecac619724d693182783ded6268c9e7c63840]
[7:18:05 PM] [dQkWn#1] swag: disconnected (Exiting)

================================================================
======== txAdmin Starting - 8/18/2024, 10:37:58 PM              
================================================================
[10:38:14 PM] txAdmin: Logger started
[10:38:55 PM] txAdmin: Logger started
[10:39:18 PM] txAdmin: Logger started
[10:39:20 PM] [JX8yn#1] swag: joined with identifiers [license:180ecac619724d693182783ded6268c9e7c63840; discord:1004875789147308112; license2:180ecac619724d693182783ded6268c9e7c63840]
[10:42:57 PM] [JX8yn#1] swag: disconnected (Exiting)
[10:43:49 PM] txAdmin: Logger started
[10:44:01 PM] [Y7n3B#1] swag: joined with identifiers [license:180ecac619724d693182783ded6268c9e7c63840; discord:1004875789147308112; license2:180ecac619724d693182783ded6268c9e7c63840]
[10:49:30 PM] [Y7n3B#1] swag: disconnected ([txAdmin] Server restarting (requested by moxy_2k).)
[10:49:40 PM] txAdmin: Logger started
[10:50:14 PM] [itdkJ#1] swag: joined with identifiers [license:180ecac619724d693182783ded6268c9e7c63840; discord:1004875789147308112; license2:180ecac619724d693182783ded6268c9e7c63840]
[10:51:10 PM] [itdkJ#1] swag: disconnected (Exiting)
[10:51:42 PM] [itdkJ#2] swag: joined with identifiers [license:180ecac619724d693182783ded6268c9e7c63840; discord:1004875789147308112; license2:180ecac619724d693182783ded6268c9e7c63840]
[10:52:51 PM] [itdkJ#2] swag: disconnected (Exiting)
